<?xml version="1.0" encoding="UTF-8"?>
<testng-results ignored="0" total="1" passed="1" failed="0" skipped="0">
  <reporter-output>
  </reporter-output>
  <suite started-at="2024-01-29T14:25:04 IST" name="Default suite" finished-at="2024-01-29T14:25:04 IST" duration-ms="83">
    <groups>
    </groups>
    <test started-at="2024-01-29T14:25:04 IST" name="Default test" finished-at="2024-01-29T14:25:04 IST" duration-ms="83">
      <class name="firstPackage.Programs">
        <test-method signature="testcase1()[pri:0, instance:firstPackage.Programs@3ba9ad43]" started-at="2024-01-29T14:25:04 IST" name="testcase1" finished-at="2024-01-29T14:25:04 IST" duration-ms="16" status="PASS">
          <reporter-output>
          </reporter-output>
        </test-method> <!-- testcase1 -->
      </class> <!-- firstPackage.Programs -->
    </test> <!-- Default test -->
  </suite> <!-- Default suite -->
</testng-results>
